2019-10-15 16:58:32,858 INFO  [Log] Launching Application...... 
2019-10-15 16:59:05,195 INFO  [Log] I am on TestStart method testCreateFullInspectionByEnteringVehicleDetails start 
2019-10-15 16:59:05,195 INFO  [Log] I am in onStart method null 
2019-10-15 16:59:06,227 INFO  [Log] Click on login button 
2019-10-15 16:59:18,400 INFO  [Log] Enter Dealer name 
2019-10-15 16:59:31,006 INFO  [Log] Enter user email 
2019-10-15 16:59:43,097 INFO  [Log] Set password in Login form 
2019-10-15 16:59:50,349 INFO  [Log] Go to Inspection tab 
2019-10-15 17:01:04,092 INFO  [Log] I am on TestSuccess method testCreateFullInspectionByEnteringVehicleDetails succeed 
2019-10-15 17:01:04,260 INFO  [Log] a5821338-3403-415d-bc86-17039799789a: Saving device log... 
2019-10-15 17:01:04,461 INFO  [Log] a5821338-3403-415d-bc86-17039799789a: Saving device log - Done. 
2019-10-15 17:01:04,476 INFO  [Log] Launching Application...... 
2019-10-15 17:01:39,237 INFO  [Log] I am on TestStart method testCameraFunctionalityInSingleItem start 
2019-10-15 17:01:39,237 INFO  [Log] I am in onStart method null 
2019-10-15 17:01:40,187 INFO  [Log] Click on login button 
2019-10-15 17:01:52,172 INFO  [Log] Enter Dealer name 
2019-10-15 17:02:05,776 INFO  [Log] Enter user email 
2019-10-15 17:02:18,979 INFO  [Log] Set password in Login form 
2019-10-15 17:02:26,107 INFO  [Log] Go to Inspection tab 
2019-10-15 17:02:43,469 INFO  [Log] dc0093bb-13db-48e9-acab-99131c55fdb9: Saving device log... 
2019-10-15 17:02:43,501 INFO  [Log] dc0093bb-13db-48e9-acab-99131c55fdb9: Saving device log - Done. 
2019-10-15 17:02:43,519 INFO  [Log] Launching Application...... 
2019-10-15 17:03:17,826 INFO  [Log] I am on TestStart method testUserIsAbleToSearchCreatedInspection start 
2019-10-15 17:03:17,826 INFO  [Log] I am in onStart method null 
2019-10-15 17:03:18,748 INFO  [Log] Click on login button 
2019-10-15 17:03:31,150 INFO  [Log] Enter Dealer name 
2019-10-15 17:03:44,462 INFO  [Log] Enter user email 
2019-10-15 17:03:56,697 INFO  [Log] Set password in Login form 
2019-10-15 17:04:03,797 INFO  [Log] Go to Inspection tab 
2019-10-15 17:05:00,951 INFO  [Log] 7b7f7ee8-de7d-4916-b4c3-017475b8a991: Saving device log... 
2019-10-15 17:05:01,027 INFO  [Log] 7b7f7ee8-de7d-4916-b4c3-017475b8a991: Saving device log - Done. 
2019-10-15 17:05:01,058 INFO  [Log] I am on Finish method demo features 
2019-10-16 11:55:56,283 INFO  [Log] Launching Application...... 
2019-10-16 11:57:59,802 INFO  [Log] Launching Application...... 
2019-10-16 11:58:16,205 INFO  [Log] Click on login button 
2019-10-16 12:00:23,235 INFO  [Log] Launching Application...... 
2019-10-16 12:00:36,284 INFO  [Log] Click on login button 
2019-10-16 12:10:43,870 INFO  [Log] Launching Application...... 
2019-10-16 12:10:56,666 INFO  [Log] Click on login button 
2019-10-16 12:14:37,559 INFO  [Log] Launching Application...... 
2019-10-16 12:14:48,753 INFO  [Log] I am on TestStart method testCameraFunctionalityInSingleItem start 
2019-10-16 12:14:48,753 INFO  [Log] I am in onStart method null 
2019-10-16 12:14:49,841 INFO  [Log] Click on login button 
2019-10-16 12:15:00,893 INFO  [Log] Enter Dealer name 
2019-10-16 12:15:14,852 INFO  [Log] I am on Finish method demo features 
2019-10-16 12:20:26,809 INFO  [Log] Launching Application...... 
2019-10-16 12:20:38,349 INFO  [Log] Click on login button 
2019-10-16 12:23:34,046 INFO  [Log] Launching Application...... 
2019-10-16 12:24:08,781 INFO  [Log] Launching Application...... 
2019-10-16 12:24:20,696 INFO  [Log] Click on login button 
2019-10-16 12:26:56,813 INFO  [Log] Launching Application...... 
2019-10-16 12:27:27,916 INFO  [Log] Click on login button 
2019-10-16 12:30:00,732 INFO  [Log] Launching Application...... 
2019-10-16 12:30:20,930 INFO  [Log] Launching Application...... 
2019-10-16 12:36:44,602 INFO  [Log] Launching Application...... 
2019-10-16 12:36:45,196 INFO  [Log] I am on TestStart method testCameraFunctionalityInSingleItem start 
2019-10-16 12:36:45,196 INFO  [Log] I am in onStart method null 
2019-10-16 12:36:45,196 INFO  [Log] I am in onTestSkipped method testCameraFunctionalityInSingleItem skipped 
2019-10-16 12:36:45,289 INFO  [Log] I am on Finish method demo features 
2019-10-16 12:39:45,567 INFO  [Log] Launching Application...... 
2019-10-16 12:39:45,600 INFO  [Log] Launching Application...... 
2019-10-16 12:40:19,688 INFO  [Log] Click on login button 
2019-10-16 14:53:41,630 INFO  [Log] Launching Application...... 
2019-10-16 14:53:41,730 INFO  [Log] Launching Application...... 
2019-10-16 15:14:49,204 INFO  [Log] Launching Application...... 
2019-10-16 15:14:49,204 INFO  [Log] Launching Application...... 
2019-10-16 15:15:15,956 INFO  [Log] I am on TestStart method testCameraFunctionalityInSingleItem start 
2019-10-16 15:15:15,956 INFO  [Log] I am in onStart method null 
2019-10-16 15:15:17,022 INFO  [Log] Click on login button 
2019-10-16 15:15:29,938 INFO  [Log] Enter Dealer name 
2019-10-16 15:15:43,468 INFO  [Log] Enter user email 
2019-10-16 15:15:57,059 INFO  [Log] Set password in Login form 
2019-10-16 15:16:05,023 INFO  [Log] Go to Inspection tab 
2019-10-16 15:16:22,888 INFO  [Log] I am on TestStart method testCreateFullInspectionByEnteringVehicleDetails start 
2019-10-16 15:16:22,888 INFO  [Log] I am in onStart method null 
2019-10-16 15:16:22,889 INFO  [Log] I am in onTestSkipped method testCreateFullInspectionByEnteringVehicleDetails skipped 
2019-10-16 15:16:22,961 INFO  [Log] I am on TestStart method testUserIsAbleToSearchCreatedInspection start 
2019-10-16 15:16:22,961 INFO  [Log] I am in onStart method null 
2019-10-16 15:16:22,961 INFO  [Log] I am in onTestSkipped method testUserIsAbleToSearchCreatedInspection skipped 
2019-10-16 15:16:23,057 INFO  [Log] I am on Finish method demo features 
2019-10-16 15:17:40,639 INFO  [Log] Launching Application...... 
2019-10-16 15:17:40,639 INFO  [Log] Launching Application...... 
2019-10-16 15:17:54,960 INFO  [Log] I am on TestStart method testCameraFunctionalityInSingleItem start 
2019-10-16 15:17:54,960 INFO  [Log] I am in onStart method null 
2019-10-16 15:17:56,028 INFO  [Log] Click on login button 
2019-10-16 15:18:07,426 INFO  [Log] Enter Dealer name 
2019-10-16 15:18:19,510 INFO  [Log] Enter user email 
2019-10-16 15:18:31,262 INFO  [Log] Set password in Login form 
2019-10-16 15:18:36,981 INFO  [Log] Go to Inspection tab 
2019-10-16 15:19:02,691 INFO  [Log] I am on TestSuccess method testCameraFunctionalityInSingleItem succeed 
2019-10-16 15:19:02,935 INFO  [Log] I am on TestStart method testCreateFullInspectionByEnteringVehicleDetails start 
2019-10-16 15:19:02,935 INFO  [Log] I am in onStart method null 
2019-10-16 15:19:02,936 INFO  [Log] I am in onTestSkipped method testCreateFullInspectionByEnteringVehicleDetails skipped 
2019-10-16 15:19:02,971 INFO  [Log] I am on TestStart method testUserIsAbleToSearchCreatedInspection start 
2019-10-16 15:19:02,971 INFO  [Log] I am in onStart method null 
2019-10-16 15:19:02,973 INFO  [Log] I am in onTestSkipped method testUserIsAbleToSearchCreatedInspection skipped 
2019-10-16 15:19:03,028 INFO  [Log] I am on Finish method Android native app test on Android 9 
2019-10-16 15:20:07,480 INFO  [Log] Launching Application...... 
2019-10-16 15:20:07,480 INFO  [Log] Launching Application...... 
2019-10-16 15:20:45,994 INFO  [Log] I am on TestStart method testCameraFunctionalityInSingleItem start 
2019-10-16 15:20:45,994 INFO  [Log] I am in onStart method null 
2019-10-16 15:20:47,259 INFO  [Log] Click on login button 
2019-10-16 15:20:59,596 INFO  [Log] Enter Dealer name 
2019-10-16 15:21:12,124 INFO  [Log] Enter user email 
2019-10-16 15:21:25,887 INFO  [Log] Set password in Login form 
2019-10-16 15:21:33,844 INFO  [Log] Go to Inspection tab 
2019-10-16 15:22:03,103 INFO  [Log] I am on TestSuccess method testCameraFunctionalityInSingleItem succeed 
2019-10-16 15:22:03,330 INFO  [Log] I am on TestStart method testCreateFullInspectionByEnteringVehicleDetails start 
2019-10-16 15:22:03,330 INFO  [Log] I am in onStart method null 
2019-10-16 15:22:03,331 INFO  [Log] I am in onTestSkipped method testCreateFullInspectionByEnteringVehicleDetails skipped 
2019-10-16 15:22:03,362 INFO  [Log] I am on TestStart method testUserIsAbleToSearchCreatedInspection start 
2019-10-16 15:22:03,362 INFO  [Log] I am in onStart method null 
2019-10-16 15:22:03,364 INFO  [Log] I am in onTestSkipped method testUserIsAbleToSearchCreatedInspection skipped 
2019-10-16 15:22:03,423 INFO  [Log] I am on Finish method demo features 
2019-10-16 15:24:49,803 INFO  [Log] I am on TestStart method testCameraFunctionalityInSingleItem start 
2019-10-16 15:24:49,803 INFO  [Log] I am in onStart method null 
2019-10-16 15:24:49,803 INFO  [Log] I am in onTestSkipped method testCameraFunctionalityInSingleItem skipped 
2019-10-16 15:24:49,818 INFO  [Log] I am on Finish method Android native app test on Android 9 
2019-10-16 15:26:07,981 INFO  [Log] Launching Application...... 
2019-10-16 15:26:07,981 INFO  [Log] Launching Application...... 
2019-10-16 15:26:42,580 INFO  [Log] I am on TestStart method testCameraFunctionalityInSingleItem start 
2019-10-16 15:26:42,580 INFO  [Log] I am in onStart method null 
2019-10-16 15:26:43,967 INFO  [Log] Click on login button 
2019-10-16 15:26:57,344 INFO  [Log] Enter Dealer name 
2019-10-16 15:27:09,945 INFO  [Log] Enter user email 
2019-10-16 15:27:22,082 INFO  [Log] Set password in Login form 
2019-10-16 15:27:29,390 INFO  [Log] Go to Inspection tab 
2019-10-16 15:27:41,258 INFO  [Log] I am on TestStart method testCameraFunctionalityInSingleItem start 
2019-10-16 15:27:41,258 INFO  [Log] I am in onStart method null 
2019-10-16 15:27:41,259 INFO  [Log] I am in onTestSkipped method testCameraFunctionalityInSingleItem skipped 
2019-10-16 15:27:41,273 INFO  [Log] I am on Finish method demo features 
2019-10-16 15:27:57,195 INFO  [Log] I am on TestSuccess method testCameraFunctionalityInSingleItem succeed 
2019-10-16 15:27:57,450 INFO  [Log] Launching Application...... 
2019-10-16 15:28:31,980 INFO  [Log] I am on TestStart method testCreateFullInspectionByEnteringVehicleDetails start 
2019-10-16 15:28:31,980 INFO  [Log] I am in onStart method null 
2019-10-16 15:28:32,887 INFO  [Log] Click on login button 
2019-10-16 15:28:44,791 INFO  [Log] Enter Dealer name 
2019-10-16 15:28:58,292 INFO  [Log] Enter user email 
2019-10-16 15:29:10,682 INFO  [Log] Set password in Login form 
2019-10-16 15:29:17,392 INFO  [Log] Go to Inspection tab 
2019-10-16 15:30:08,074 INFO  [Log] I am on TestStart method testCameraFunctionalityInSingleItem start 
2019-10-16 15:30:08,074 INFO  [Log] I am in onStart method null 
2019-10-16 15:30:08,074 INFO  [Log] I am in onTestSkipped method testCameraFunctionalityInSingleItem skipped 
2019-10-16 15:30:08,089 INFO  [Log] I am on Finish method Android native app test on Android 9 
2019-10-16 15:30:30,692 INFO  [Log] I am on TestSuccess method testCreateFullInspectionByEnteringVehicleDetails succeed 
2019-10-16 15:30:30,725 INFO  [Log] Launching Application...... 
2019-10-16 15:31:05,376 INFO  [Log] I am on TestStart method testUserIsAbleToSearchCreatedInspection start 
2019-10-16 15:31:05,376 INFO  [Log] I am in onStart method null 
2019-10-16 15:31:06,455 INFO  [Log] Click on login button 
2019-10-16 15:31:18,629 INFO  [Log] Enter Dealer name 
2019-10-16 15:31:31,436 INFO  [Log] Enter user email 
2019-10-16 15:31:44,820 INFO  [Log] Set password in Login form 
2019-10-16 15:31:51,727 INFO  [Log] Go to Inspection tab 
2019-10-16 15:32:08,965 INFO  [Log] I am on Finish method demo features 
2019-10-16 15:34:42,555 INFO  [Log] Launching Application...... 
2019-10-16 15:34:42,555 INFO  [Log] Launching Application...... 
2019-10-16 15:36:08,596 INFO  [Log] I am on TestStart method testCameraFunctionalityInSingleItem start 
2019-10-16 15:36:08,596 INFO  [Log] I am in onStart method null 
2019-10-16 15:36:08,596 INFO  [Log] I am in onTestSkipped method testCameraFunctionalityInSingleItem skipped 
2019-10-16 15:36:08,611 INFO  [Log] I am on Finish method Android native app test on Android 9 
2019-10-16 15:47:46,676 INFO  [Log] Launching Application...... 
2019-10-16 15:47:46,676 INFO  [Log] Launching Application...... 
2019-10-16 15:47:47,406 INFO  [Log] I am on TestStart method testCameraFunctionalityInSingleItem start 
2019-10-16 15:47:47,406 INFO  [Log] I am in onStart method null 
2019-10-16 15:47:47,406 INFO  [Log] I am on TestStart method testCameraFunctionalityInSingleItem start 
2019-10-16 15:47:47,406 INFO  [Log] I am in onStart method null 
2019-10-16 15:47:47,406 INFO  [Log] I am in onTestSkipped method testCameraFunctionalityInSingleItem skipped 
2019-10-16 15:47:47,406 INFO  [Log] I am in onTestSkipped method testCameraFunctionalityInSingleItem skipped 
2019-10-16 15:47:47,508 INFO  [Log] I am on Finish method Android native app test on Android 9 
2019-10-16 15:47:47,524 INFO  [Log] I am on Finish method demo features 
2019-10-16 16:04:13,986 INFO  [Log] I am on TestStart method testCameraFunctionalityInSingleItem start 
2019-10-16 16:04:13,987 INFO  [Log] I am in onStart method null 
2019-10-16 16:04:14,965 INFO  [Log] Click on login button 
2019-10-16 16:04:25,944 INFO  [Log] Enter Dealer name 
2019-10-16 16:04:32,782 INFO  [Log] I am on TestStart method testCameraFunctionalityInSingleItem start 
2019-10-16 16:04:32,782 INFO  [Log] I am in onStart method null 
2019-10-16 16:04:33,939 INFO  [Log] Click on login button 
2019-10-16 16:04:37,663 INFO  [Log] Enter user email 
2019-10-16 16:04:46,191 INFO  [Log] Enter Dealer name 
2019-10-16 16:04:58,863 INFO  [Log] Set password in Login form 
2019-10-16 16:05:11,331 INFO  [Log] Enter user email 
2019-10-16 16:05:27,023 INFO  [Log] Set password in Login form 
2019-10-16 16:05:28,334 INFO  [Log] Go to Inspection tab 
2019-10-16 16:05:46,296 INFO  [Log] I am on TestStart method testCreateFullInspectionByEnteringVehicleDetails start 
2019-10-16 16:05:46,296 INFO  [Log] I am in onStart method null 
2019-10-16 16:05:58,796 INFO  [Log] I am on TestSuccess method testCameraFunctionalityInSingleItem succeed 
2019-10-16 16:05:58,889 INFO  [Log] I am on TestStart method testCreateFullInspectionByEnteringVehicleDetails start 
2019-10-16 16:05:58,889 INFO  [Log] I am in onStart method null 
2019-10-16 16:06:07,613 INFO  [Log] I am on TestStart method testUserIsAbleToSearchCreatedInspection start 
2019-10-16 16:06:07,613 INFO  [Log] I am in onStart method null 
2019-10-16 16:06:21,155 INFO  [Log] I am on TestStart method testUserIsAbleToSearchCreatedInspection start 
2019-10-16 16:06:21,155 INFO  [Log] I am in onStart method null 
2019-10-16 16:06:29,584 INFO  [Log] I am on Finish method demo features 
2019-10-16 16:06:42,528 INFO  [Log] I am on Finish method Android native app test on Android 9 
2019-10-16 16:18:10,724 INFO  [Log] I am on TestStart method testCameraFunctionalityInSingleItem start 
2019-10-16 16:18:10,725 INFO  [Log] I am in onStart method null 
2019-10-16 16:18:12,166 INFO  [Log] Click on login button 
2019-10-16 16:18:23,810 INFO  [Log] Enter Dealer name 
2019-10-16 16:18:34,783 INFO  [Log] Enter user email 
2019-10-16 16:18:35,332 INFO  [Log] I am on TestStart method testCameraFunctionalityInSingleItem start 
2019-10-16 16:18:35,332 INFO  [Log] I am in onStart method null 
2019-10-16 16:18:37,894 INFO  [Log] I am on TestStart method testCreateFullInspectionByEnteringVehicleDetails start 
2019-10-16 16:18:37,894 INFO  [Log] I am in onStart method null 
2019-10-16 16:18:38,396 INFO  [Log] Click on login button 
2019-10-16 16:18:50,386 INFO  [Log] Enter Dealer name 
2019-10-16 16:19:04,163 INFO  [Log] Enter user email 
2019-10-16 16:19:06,085 INFO  [Log] I am on TestStart method testUserIsAbleToSearchCreatedInspection start 
2019-10-16 16:19:06,085 INFO  [Log] I am in onStart method null 
2019-10-16 16:19:18,306 INFO  [Log] Set password in Login form 
2019-10-16 16:19:23,515 INFO  [Log] I am on Finish method Android native app test on Android 9 
2019-10-16 16:19:26,056 INFO  [Log] Go to Inspection tab 
2019-10-16 16:19:55,864 INFO  [Log] I am on TestSuccess method testCameraFunctionalityInSingleItem succeed 
2019-10-16 16:19:55,968 INFO  [Log] I am on TestStart method testCreateFullInspectionByEnteringVehicleDetails start 
2019-10-16 16:19:55,968 INFO  [Log] I am in onStart method null 
2019-10-16 16:20:13,838 INFO  [Log] I am on Finish method demo features 
2019-10-16 16:20:32,824 INFO  [Log] I am on TestStart method testCameraFunctionalityInSingleItem start 
2019-10-16 16:20:32,824 INFO  [Log] I am in onStart method null 
2019-10-16 16:20:33,956 INFO  [Log] Click on login button 
2019-10-16 16:20:45,089 INFO  [Log] Enter Dealer name 
2019-10-16 16:20:56,016 INFO  [Log] Enter user email 
2019-10-16 16:21:07,732 INFO  [Log] Set password in Login form 
2019-10-16 16:21:13,822 INFO  [Log] Go to Inspection tab 
2019-10-16 16:21:40,817 INFO  [Log] I am on TestSuccess method testCameraFunctionalityInSingleItem succeed 
2019-10-16 16:21:40,864 INFO  [Log] I am on TestStart method testCreateFullInspectionByEnteringVehicleDetails start 
2019-10-16 16:21:40,864 INFO  [Log] I am in onStart method null 
2019-10-16 16:22:00,441 INFO  [Log] I am on TestStart method testUserIsAbleToSearchCreatedInspection start 
2019-10-16 16:22:00,441 INFO  [Log] I am in onStart method null 
2019-10-16 16:22:19,295 INFO  [Log] I am on Finish method Android native app test on Android 9 
2019-10-17 10:49:44,164 INFO  [Log] I am on TestStart method testCameraFunctionalityInSingleItem start 
2019-10-17 10:49:44,164 INFO  [Log] I am in onStart method null 
2019-10-17 10:49:45,107 INFO  [Log] Click on login button 
2019-10-17 10:49:56,841 INFO  [Log] Enter Dealer name 
2019-10-17 10:50:08,096 INFO  [Log] Enter user email 
2019-10-17 10:50:19,215 INFO  [Log] Set password in Login form 
2019-10-17 10:50:25,002 INFO  [Log] Go to Inspection tab 
2019-10-17 10:50:42,094 INFO  [Log] I am on TestStart method testCreateFullInspectionByEnteringVehicleDetails start 
2019-10-17 10:50:42,094 INFO  [Log] I am in onStart method null 
2019-10-17 10:50:58,767 INFO  [Log] I am on TestStart method testUserIsAbleToSearchCreatedInspection start 
2019-10-17 10:50:58,767 INFO  [Log] I am in onStart method null 
2019-10-17 10:51:15,323 INFO  [Log] I am on Finish method demo features 
2019-10-17 11:01:00,807 INFO  [Log] I am on TestStart method testCameraFunctionalityInSingleItem start 
2019-10-17 11:01:00,822 INFO  [Log] I am in onStart method null 
2019-10-17 11:01:01,664 INFO  [Log] Click on login button 
2019-10-17 11:01:13,213 INFO  [Log] Enter Dealer name 
2019-10-17 11:01:23,858 INFO  [Log] Enter user email 
2019-10-17 11:01:34,063 INFO  [Log] Set password in Login form 
2019-10-17 11:01:40,280 INFO  [Log] Go to Inspection tab 
2019-10-17 11:02:03,551 INFO  [Log] I am on TestSuccess method testCameraFunctionalityInSingleItem succeed 
2019-10-17 11:02:03,788 INFO  [Log] I am on TestStart method testCreateFullInspectionByEnteringVehicleDetails start 
2019-10-17 11:02:03,788 INFO  [Log] I am in onStart method null 
2019-10-17 11:02:23,667 INFO  [Log] I am on TestStart method testUserIsAbleToSearchCreatedInspection start 
2019-10-17 11:02:23,667 INFO  [Log] I am in onStart method null 
2019-10-17 11:02:43,216 INFO  [Log] I am on Finish method demo features 
2019-10-17 11:08:02,208 INFO  [Log] I am on TestStart method testCreateFullInspectionByEnteringVehicleDetails start 
2019-10-17 11:08:02,208 INFO  [Log] I am in onStart method null 
2019-10-17 11:08:03,058 INFO  [Log] Click on login button 
2019-10-17 11:08:14,473 INFO  [Log] Enter Dealer name 
2019-10-17 11:08:24,684 INFO  [Log] Enter user email 
2019-10-17 11:08:35,391 INFO  [Log] Set password in Login form 
2019-10-17 11:08:41,528 INFO  [Log] Go to Inspection tab 
2019-10-17 11:09:47,890 INFO  [Log] I am on TestSuccess method testCreateFullInspectionByEnteringVehicleDetails succeed 
2019-10-17 11:09:48,112 INFO  [Log] I am on Finish method demo features 
2019-10-17 15:04:55,181 INFO  [Log] Click on login button 
2019-10-17 15:04:55,261 INFO  [Log] I am on TestStart method testCreateFullInspectionByEnteringVehicleDetails start 
2019-10-17 15:04:55,261 INFO  [Log] I am in onStart method null 
2019-10-17 15:04:55,262 INFO  [Log] I am in onTestSkipped method testCreateFullInspectionByEnteringVehicleDetails skipped 
2019-10-17 15:04:55,956 INFO  [Log] I am on Finish method demo features 
2019-10-17 15:07:29,070 INFO  [Log] Click on login button 
2019-10-17 15:07:42,284 INFO  [Log] Enter Dealer name 
2019-10-17 15:07:42,300 INFO  [Log] I am on TestStart method testCreateFullInspectionByEnteringVehicleDetails start 
2019-10-17 15:07:42,300 INFO  [Log] I am in onStart method null 
2019-10-17 15:07:42,300 INFO  [Log] I am in onTestSkipped method testCreateFullInspectionByEnteringVehicleDetails skipped 
2019-10-17 15:07:42,331 INFO  [Log] I am on Finish method demo features 
2019-10-17 15:09:34,629 INFO  [Log] Click on login button 
2019-10-17 15:09:34,635 INFO  [Log] I am on TestStart method testCreateFullInspectionByEnteringVehicleDetails start 
2019-10-17 15:09:34,636 INFO  [Log] I am in onStart method null 
2019-10-17 15:09:34,637 INFO  [Log] I am in onTestSkipped method testCreateFullInspectionByEnteringVehicleDetails skipped 
2019-10-17 15:09:34,658 INFO  [Log] I am on Finish method demo features 
2019-10-17 15:14:19,307 INFO  [Log] I am on TestStart method testCreateFullInspectionByEnteringVehicleDetails start 
2019-10-17 15:14:19,307 INFO  [Log] I am in onStart method null 
2019-10-17 15:14:20,445 INFO  [Log] Click on login button 
2019-10-17 15:14:33,162 INFO  [Log] Enter Dealer name 
2019-10-17 15:14:45,976 INFO  [Log] Enter user email 
2019-10-17 15:14:59,765 INFO  [Log] Set password in Login form 
2019-10-17 15:16:13,329 INFO  [Log] I am on TestStart method testCreateFullInspectionByEnteringVehicleDetails start 
2019-10-17 15:16:13,344 INFO  [Log] I am in onStart method null 
2019-10-17 15:16:14,279 INFO  [Log] Click on login button 
2019-10-17 15:16:26,696 INFO  [Log] Enter Dealer name 
2019-10-17 15:16:37,813 INFO  [Log] Enter user email 
2019-10-17 15:16:50,348 INFO  [Log] Set password in Login form 
2019-10-17 15:16:51,428 INFO  [Log] I am on TestSuccess method testCreateFullInspectionByEnteringVehicleDetails succeed 
2019-10-17 15:16:51,657 INFO  [Log] I am on Finish method demo features 
2019-10-17 15:17:40,508 INFO  [Log] I am on TestStart method testCreateFullInspectionByEnteringVehicleDetails start 
2019-10-17 15:17:40,508 INFO  [Log] I am in onStart method null 
2019-10-17 15:17:41,450 INFO  [Log] Click on login button 
2019-10-17 15:17:54,134 INFO  [Log] Enter Dealer name 
2019-10-17 15:18:06,933 INFO  [Log] Enter user email 
2019-10-17 15:18:20,686 INFO  [Log] Set password in Login form 
2019-10-17 15:18:21,829 INFO  [Log] I am on TestSuccess method testCreateFullInspectionByEnteringVehicleDetails succeed 
2019-10-17 15:18:22,074 INFO  [Log] I am on Finish method demo features 
2019-10-17 15:21:29,603 INFO  [Log] I am on TestStart method testCreateFullInspectionByEnteringVehicleDetails start 
2019-10-17 15:21:29,603 INFO  [Log] I am in onStart method null 
2019-10-17 15:21:30,624 INFO  [Log] Click on login button 
2019-10-17 15:21:42,808 INFO  [Log] Enter Dealer name 
2019-10-17 15:21:56,297 INFO  [Log] Enter user email 
2019-10-17 15:22:08,678 INFO  [Log] Set password in Login form 
2019-10-17 15:22:09,993 INFO  [Log] I am on TestSuccess method testCreateFullInspectionByEnteringVehicleDetails succeed 
2019-10-17 15:22:10,248 INFO  [Log] I am on Finish method demo features 
2019-10-17 15:39:49,801 INFO  [Log] I am on TestStart method testCreateFullInspectionByEnteringVehicleDetails start 
2019-10-17 15:39:49,802 INFO  [Log] I am in onStart method null 
2019-10-17 15:39:50,708 INFO  [Log] Click on login button 
2019-10-17 15:40:02,415 INFO  [Log] Enter Dealer name 
2019-10-17 15:40:15,963 INFO  [Log] Enter user email 
2019-10-17 15:40:27,092 INFO  [Log] Set password in Login form 
2019-10-17 15:40:28,207 INFO  [Log] I am on TestSuccess method testCreateFullInspectionByEnteringVehicleDetails succeed 
2019-10-17 15:40:28,422 INFO  [Log] 84ba5ec9-eb44-4528-8286-98e8b5b33f4f: Saving device log... 
2019-10-17 15:40:28,598 INFO  [Log] 84ba5ec9-eb44-4528-8286-98e8b5b33f4f: Saving device log - Done. 
2019-10-17 15:40:33,816 INFO  [Log] I am on Finish method demo features 
2019-10-17 15:41:44,179 INFO  [Log] I am on TestStart method testCreateFullInspectionByEnteringVehicleDetails start 
2019-10-17 15:41:44,180 INFO  [Log] I am in onStart method null 
2019-10-17 15:41:45,133 INFO  [Log] Click on login button 
2019-10-17 15:41:58,044 INFO  [Log] Enter Dealer name 
2019-10-17 15:42:11,673 INFO  [Log] Enter user email 
2019-10-17 15:42:25,265 INFO  [Log] Set password in Login form 
2019-10-17 15:42:26,366 INFO  [Log] I am on TestSuccess method testCreateFullInspectionByEnteringVehicleDetails succeed 
2019-10-17 15:42:26,599 INFO  [Log] 545cdb17-4429-4e3a-a529-d1d849d82ab8: Saving device log... 
2019-10-17 15:42:26,702 INFO  [Log] 545cdb17-4429-4e3a-a529-d1d849d82ab8: Saving device log - Done. 
2019-10-17 15:42:31,989 INFO  [Log] I am on Finish method demo features 
2019-10-17 16:14:51,450 INFO  [Log] I am on TestStart method testCreateFullInspectionByEnteringVehicleDetails start 
2019-10-17 16:14:51,451 INFO  [Log] I am in onStart method null 
2019-10-17 16:14:52,524 INFO  [Log] Click on login button 
2019-10-17 16:15:04,973 INFO  [Log] Enter Dealer name 
2019-10-17 16:15:17,445 INFO  [Log] Enter user email 
2019-10-17 16:15:30,101 INFO  [Log] Set password in Login form 
2019-10-17 16:15:31,424 INFO  [Log] I am on TestSuccess method testCreateFullInspectionByEnteringVehicleDetails succeed 
2019-10-17 16:15:31,663 INFO  [Log] dfea6449-1110-45ac-aa28-7344cdceb099: Saving device log... 
2019-10-17 16:15:31,903 INFO  [Log] dfea6449-1110-45ac-aa28-7344cdceb099: Saving device log - Done. 
2019-10-17 16:15:37,018 INFO  [Log] I am on Finish method demo features 
2019-10-17 16:27:12,901 INFO  [Log] I am on TestStart method testCreateFullInspectionByEnteringVehicleDetails start 
2019-10-17 16:27:12,902 INFO  [Log] I am in onStart method null 
2019-10-17 16:27:13,951 INFO  [Log] Click on login button 
2019-10-17 16:27:26,558 INFO  [Log] Enter Dealer name 
2019-10-17 16:27:40,722 INFO  [Log] Enter user email 
2019-10-17 16:27:53,142 INFO  [Log] Set password in Login form 
2019-10-17 16:27:54,248 INFO  [Log] I am on TestSuccess method testCreateFullInspectionByEnteringVehicleDetails succeed 
2019-10-17 16:27:54,474 INFO  [Log] 82b1cfa8-c9a2-4dca-9441-599bd96f05c7: Saving device log... 
2019-10-17 16:27:54,569 INFO  [Log] 82b1cfa8-c9a2-4dca-9441-599bd96f05c7: Saving device log - Done. 
2019-10-17 16:27:59,669 INFO  [Log] I am on Finish method demo features 
2019-10-17 16:31:23,070 INFO  [Log] I am on TestStart method testCreateFullInspectionByEnteringVehicleDetails start 
2019-10-17 16:31:23,071 INFO  [Log] I am in onStart method null 
2019-10-17 16:31:24,021 INFO  [Log] Click on login button 
2019-10-17 16:31:36,262 INFO  [Log] Enter Dealer name 
2019-10-17 16:31:48,988 INFO  [Log] Enter user email 
2019-10-17 16:32:02,594 INFO  [Log] Set password in Login form 
2019-10-17 16:32:03,797 INFO  [Log] I am on TestSuccess method testCreateFullInspectionByEnteringVehicleDetails succeed 
2019-10-17 16:32:04,018 INFO  [Log] 0e47193e-1126-4752-8595-32a17b2b753c: Saving device log... 
2019-10-17 16:32:04,140 INFO  [Log] 0e47193e-1126-4752-8595-32a17b2b753c: Saving device log - Done. 
2019-10-17 16:32:09,219 INFO  [Log] I am on TestStart method testCameraFunctionalityInSingleItem start 
2019-10-17 16:32:09,219 INFO  [Log] I am in onStart method null 
2019-10-17 16:32:09,246 INFO  [Log] I am on Finish method demo features 
2019-10-17 16:49:55,499 INFO  [Log] I am on TestStart method testCreateFullInspectionByEnteringVehicleDetails start 
2019-10-17 16:49:55,500 INFO  [Log] I am in onStart method null 
2019-10-17 16:49:56,473 INFO  [Log] Click on login button 
2019-10-17 16:49:56,511 INFO  [Log] I am on Finish method demo features 
2019-10-17 16:56:04,804 INFO  [Log] I am on TestStart method testCreateFullInspectionByEnteringVehicleDetails start 
2019-10-17 16:56:04,805 INFO  [Log] I am in onStart method null 
2019-10-17 16:56:05,877 INFO  [Log] Click on login button 
2019-10-17 16:56:17,961 INFO  [Log] Enter Dealer name 
2019-10-17 16:56:30,926 INFO  [Log] Enter user email 
2019-10-17 16:56:43,771 INFO  [Log] Set password in Login form 
2019-10-17 16:56:51,629 INFO  [Log] Go to Inspection tab 
2019-10-17 16:57:09,200 INFO  [Log] e753a796-c066-4157-9b5a-248e084d5167: Saving device log... 
2019-10-17 16:57:09,283 INFO  [Log] e753a796-c066-4157-9b5a-248e084d5167: Saving device log - Done. 
2019-10-17 16:57:14,506 INFO  [Log] I am on Finish method demo features 
2019-10-17 17:00:55,241 INFO  [Log] I am on TestStart method testCreateFullInspectionByEnteringVehicleDetails start 
2019-10-17 17:00:55,242 INFO  [Log] I am in onStart method null 
2019-10-17 17:00:56,314 INFO  [Log] Click on login button 
2019-10-17 17:01:08,669 INFO  [Log] Enter Dealer name 
2019-10-17 17:01:21,951 INFO  [Log] Enter user email 
2019-10-17 17:01:35,215 INFO  [Log] Set password in Login form 
2019-10-17 17:01:42,400 INFO  [Log] Go to Inspection tab 
2019-10-17 17:02:10,482 INFO  [Log] 0acc7df2-04ea-4f4a-95a8-f81abd0d8050: Saving device log... 
2019-10-17 17:02:10,555 INFO  [Log] 0acc7df2-04ea-4f4a-95a8-f81abd0d8050: Saving device log - Done. 
2019-10-17 17:02:10,564 INFO  [Log] I am on TestStart method testCameraFunctionalityInSingleItem start 
2019-10-17 17:02:10,565 INFO  [Log] I am in onStart method null 
2019-10-17 17:02:33,345 INFO  [Log] 0acc7df2-04ea-4f4a-95a8-f81abd0d8050: Saving device log... 
2019-10-17 17:02:33,366 INFO  [Log] 0acc7df2-04ea-4f4a-95a8-f81abd0d8050: Saving device log - Done. 
2019-10-17 17:02:33,374 INFO  [Log] I am on TestStart method testUserIsAbleToSearchCreatedInspection start 
2019-10-17 17:02:33,375 INFO  [Log] I am in onStart method null 
2019-10-17 17:02:56,103 INFO  [Log] 0acc7df2-04ea-4f4a-95a8-f81abd0d8050: Saving device log... 
2019-10-17 17:02:56,120 INFO  [Log] 0acc7df2-04ea-4f4a-95a8-f81abd0d8050: Saving device log - Done. 
2019-10-17 17:02:56,146 INFO  [Log] I am on Finish method demo features 
2019-10-17 17:04:19,183 INFO  [Log] I am on TestStart method testCreateFullInspectionByEnteringVehicleDetails start 
2019-10-17 17:04:19,184 INFO  [Log] I am in onStart method null 
2019-10-17 17:04:20,110 INFO  [Log] Click on login button 
2019-10-17 17:04:32,156 INFO  [Log] Enter Dealer name 
2019-10-17 17:04:45,548 INFO  [Log] Enter user email 
2019-10-17 17:04:57,880 INFO  [Log] Set password in Login form 
2019-10-17 17:05:05,147 INFO  [Log] Go to Inspection tab 
2019-10-17 17:06:18,091 INFO  [Log] I am on TestSuccess method testCreateFullInspectionByEnteringVehicleDetails succeed 
2019-10-17 17:06:18,281 INFO  [Log] d5424baf-338a-4cb3-9ea6-ae12d898779a: Saving device log... 
2019-10-17 17:06:18,431 INFO  [Log] d5424baf-338a-4cb3-9ea6-ae12d898779a: Saving device log - Done. 
2019-10-17 17:06:18,444 INFO  [Log] I am on TestStart method testCameraFunctionalityInSingleItem start 
2019-10-17 17:06:18,445 INFO  [Log] I am in onStart method null 
2019-10-17 17:06:36,360 INFO  [Log] d5424baf-338a-4cb3-9ea6-ae12d898779a: Saving device log... 
2019-10-17 17:06:36,395 INFO  [Log] d5424baf-338a-4cb3-9ea6-ae12d898779a: Saving device log - Done. 
2019-10-17 17:06:36,401 INFO  [Log] I am on TestStart method testUserIsAbleToSearchCreatedInspection start 
2019-10-17 17:06:36,401 INFO  [Log] I am in onStart method null 
2019-10-17 17:06:53,610 INFO  [Log] d5424baf-338a-4cb3-9ea6-ae12d898779a: Saving device log... 
2019-10-17 17:06:53,620 INFO  [Log] d5424baf-338a-4cb3-9ea6-ae12d898779a: Saving device log - Done. 
2019-10-17 17:06:53,641 INFO  [Log] I am on Finish method demo features 
2019-10-18 14:29:01,654 INFO  [Log] I am on TestStart method testCreateFullInspectionByEnteringVehicleDetails start 
2019-10-18 14:29:01,655 INFO  [Log] I am in onStart method null 
2019-10-18 14:29:02,596 INFO  [Log] Click on login button 
2019-10-18 14:29:13,801 INFO  [Log] Enter Dealer name 
2019-10-18 14:29:24,386 INFO  [Log] Enter user email 
2019-10-18 14:29:36,787 INFO  [Log] Set password in Login form 
2019-10-18 14:29:42,393 INFO  [Log] Go to Inspection tab 
2019-10-18 14:30:48,158 INFO  [Log] I am on TestSuccess method testCreateFullInspectionByEnteringVehicleDetails succeed 
2019-10-18 14:30:48,387 INFO  [Log] 057f23fc-21fa-4198-8523-b58449d95610: Saving device log... 
2019-10-18 14:30:48,551 INFO  [Log] 057f23fc-21fa-4198-8523-b58449d95610: Saving device log - Done. 
2019-10-18 14:30:48,565 INFO  [Log] I am on TestStart method testCameraFunctionalityInSingleItem start 
2019-10-18 14:30:48,566 INFO  [Log] I am in onStart method null 
2019-10-18 14:31:05,147 INFO  [Log] 057f23fc-21fa-4198-8523-b58449d95610: Saving device log... 
2019-10-18 14:31:05,160 INFO  [Log] 057f23fc-21fa-4198-8523-b58449d95610: Saving device log - Done. 
2019-10-18 14:31:05,166 INFO  [Log] I am on TestStart method testUserIsAbleToSearchCreatedInspection start 
2019-10-18 14:31:05,166 INFO  [Log] I am in onStart method null 
2019-10-18 14:31:21,596 INFO  [Log] 057f23fc-21fa-4198-8523-b58449d95610: Saving device log... 
2019-10-18 14:31:21,606 INFO  [Log] 057f23fc-21fa-4198-8523-b58449d95610: Saving device log - Done. 
2019-10-18 14:31:21,654 INFO  [Log] I am on Finish method demo features 
2019-10-18 14:33:43,872 INFO  [Log] Launching Application...... 
2019-10-18 14:34:10,417 INFO  [Log] I am on TestStart method testCreateFullInspectionByEnteringVehicleDetails start 
2019-10-18 14:34:10,417 INFO  [Log] I am in onStart method null 
2019-10-18 14:34:11,367 INFO  [Log] Click on login button 
2019-10-18 14:34:22,611 INFO  [Log] Enter Dealer name 
2019-10-18 14:34:34,356 INFO  [Log] Enter user email 
2019-10-18 14:34:46,536 INFO  [Log] Set password in Login form 
2019-10-18 14:34:54,061 INFO  [Log] Go to Inspection tab 
2019-10-18 14:36:07,560 INFO  [Log] I am on TestSuccess method testCreateFullInspectionByEnteringVehicleDetails succeed 
2019-10-18 14:36:07,750 INFO  [Log] 2ef668d2-6c6e-43d1-a8b2-5cf293c4661e: Saving device log... 
2019-10-18 14:36:07,904 INFO  [Log] 2ef668d2-6c6e-43d1-a8b2-5cf293c4661e: Saving device log - Done. 
2019-10-18 14:36:07,927 INFO  [Log] Launching Application...... 
2019-10-18 14:36:41,575 INFO  [Log] I am on TestStart method testCameraFunctionalityInSingleItem start 
2019-10-18 14:36:41,575 INFO  [Log] I am in onStart method null 
2019-10-18 14:36:42,525 INFO  [Log] Click on login button 
2019-10-18 14:36:55,411 INFO  [Log] Enter Dealer name 
2019-10-18 14:37:06,953 INFO  [Log] Enter user email 
2019-10-18 14:37:19,362 INFO  [Log] Set password in Login form 
2019-10-18 14:37:26,799 INFO  [Log] Go to Inspection tab 
2019-10-18 14:38:01,120 INFO  [Log] I am on TestSuccess method testCameraFunctionalityInSingleItem succeed 
2019-10-18 14:38:01,154 INFO  [Log] 3ba3b623-cb36-449f-aea2-4242f49b04eb: Saving device log... 
2019-10-18 14:38:01,246 INFO  [Log] 3ba3b623-cb36-449f-aea2-4242f49b04eb: Saving device log - Done. 
2019-10-18 14:38:01,255 INFO  [Log] Launching Application...... 
2019-10-18 14:38:35,276 INFO  [Log] I am on TestStart method testUserIsAbleToSearchCreatedInspection start 
2019-10-18 14:38:35,276 INFO  [Log] I am in onStart method null 
2019-10-18 14:38:36,267 INFO  [Log] Click on login button 
2019-10-18 14:38:49,231 INFO  [Log] Enter Dealer name 
2019-10-18 14:39:02,768 INFO  [Log] Enter user email 
2019-10-18 14:39:14,850 INFO  [Log] Set password in Login form 
2019-10-18 14:39:21,736 INFO  [Log] Go to Inspection tab 
2019-10-18 14:40:24,529 INFO  [Log] 37c57977-59bf-4c88-a08f-3527de85e64b: Saving device log... 
2019-10-18 14:40:24,622 INFO  [Log] 37c57977-59bf-4c88-a08f-3527de85e64b: Saving device log - Done. 
2019-10-18 14:40:24,638 INFO  [Log] I am on Finish method demo features 
2019-10-18 14:41:41,199 INFO  [Log] Launching Application...... 
2019-10-18 14:42:16,475 INFO  [Log] I am on TestStart method testCreateFullInspectionByEnteringVehicleDetails start 
2019-10-18 14:42:16,475 INFO  [Log] I am in onStart method null 
2019-10-18 14:42:17,439 INFO  [Log] Click on login button 
2019-10-18 14:42:30,216 INFO  [Log] Enter Dealer name 
2019-10-18 14:42:43,378 INFO  [Log] Enter user email 
2019-10-18 14:42:54,670 INFO  [Log] Set password in Login form 
2019-10-18 14:43:01,802 INFO  [Log] Go to Inspection tab 
2019-10-18 14:44:12,669 INFO  [Log] I am on TestSuccess method testCreateFullInspectionByEnteringVehicleDetails succeed 
2019-10-18 14:44:12,868 INFO  [Log] 414526f0-dd6e-4af8-aa66-b15282d107d5: Saving device log... 
2019-10-18 14:44:13,020 INFO  [Log] 414526f0-dd6e-4af8-aa66-b15282d107d5: Saving device log - Done. 
2019-10-18 14:44:13,027 INFO  [Log] Launching Application...... 
2019-10-18 14:44:47,494 INFO  [Log] I am on TestStart method testCameraFunctionalityInSingleItem start 
2019-10-18 14:44:47,494 INFO  [Log] I am in onStart method null 
2019-10-18 14:44:48,686 INFO  [Log] Click on login button 
2019-10-18 14:45:00,765 INFO  [Log] Enter Dealer name 
2019-10-18 14:45:14,289 INFO  [Log] Enter user email 
2019-10-18 14:45:27,705 INFO  [Log] Set password in Login form 
2019-10-18 14:45:34,808 INFO  [Log] Go to Inspection tab 
2019-10-18 14:46:15,628 INFO  [Log] I am on TestSuccess method testCameraFunctionalityInSingleItem succeed 
2019-10-18 14:46:15,654 INFO  [Log] a2d1dc11-277c-449b-bd83-22c6b3ec8c5e: Saving device log... 
2019-10-18 14:46:15,759 INFO  [Log] a2d1dc11-277c-449b-bd83-22c6b3ec8c5e: Saving device log - Done. 
2019-10-18 14:46:15,774 INFO  [Log] Launching Application...... 
2019-10-18 14:46:49,768 INFO  [Log] I am on TestStart method testUserIsAbleToSearchCreatedInspection start 
2019-10-18 14:46:49,768 INFO  [Log] I am in onStart method null 
2019-10-18 14:46:50,766 INFO  [Log] Click on login button 
2019-10-18 14:47:03,155 INFO  [Log] Enter Dealer name 
2019-10-18 14:47:16,215 INFO  [Log] Enter user email 
2019-10-18 14:47:28,881 INFO  [Log] Set password in Login form 
2019-10-18 14:47:35,902 INFO  [Log] Go to Inspection tab 
2019-10-18 14:48:36,123 INFO  [Log] f147ea2c-3dd8-4b8b-8724-029406a7051b: Saving device log... 
2019-10-18 14:48:36,216 INFO  [Log] f147ea2c-3dd8-4b8b-8724-029406a7051b: Saving device log - Done. 
2019-10-18 14:48:36,237 INFO  [Log] I am on Finish method demo features 
2019-10-18 15:05:55,303 INFO  [Log] Launching Application...... 
2019-10-18 15:06:33,199 INFO  [Log] Launching Application...... 
2019-10-18 15:07:07,164 INFO  [Log] I am on TestStart method testCreateFullInspectionByEnteringVehicleDetails start 
2019-10-18 15:07:07,164 INFO  [Log] I am in onStart method null 
2019-10-18 15:07:08,217 INFO  [Log] Click on login button 
2019-10-18 15:07:20,862 INFO  [Log] Enter Dealer name 
2019-10-18 15:07:32,271 INFO  [Log] Enter user email 
2019-10-18 15:07:44,629 INFO  [Log] Set password in Login form 
2019-10-18 15:07:51,704 INFO  [Log] Go to Inspection tab 
2019-10-18 15:08:15,014 INFO  [Log] b3bafdcf-808d-449e-872a-5af8adca6716: Saving device log... 
2019-10-18 15:08:15,257 INFO  [Log] I am on Finish method demo features 
2019-10-18 15:09:27,053 INFO  [Log] Launching Application...... 
2019-10-18 15:10:02,421 INFO  [Log] I am on TestStart method testCreateFullInspectionByEnteringVehicleDetails start 
2019-10-18 15:10:02,421 INFO  [Log] I am in onStart method null 
2019-10-18 15:10:03,485 INFO  [Log] Click on login button 
2019-10-18 15:10:16,288 INFO  [Log] Enter Dealer name 
2019-10-18 15:10:29,637 INFO  [Log] Enter user email 
2019-10-18 15:10:42,914 INFO  [Log] Set password in Login form 
2019-10-18 15:10:49,668 INFO  [Log] Go to Inspection tab 
2019-10-18 15:12:04,878 INFO  [Log] I am on TestSuccess method testCreateFullInspectionByEnteringVehicleDetails succeed 
2019-10-18 15:12:05,087 INFO  [Log] b1d2e7d4-2d73-4223-90b0-1a1ee84fa6db: Saving device log... 
2019-10-18 15:12:05,229 INFO  [Log] b1d2e7d4-2d73-4223-90b0-1a1ee84fa6db: Saving device log - Done. 
2019-10-18 15:12:05,250 INFO  [Log] I am on Finish method demo features 
2019-10-18 15:16:46,166 INFO  [Log] Launching Application...... 
2019-10-18 15:17:26,451 INFO  [Log] I am on TestStart method testCreateFullInspectionByEnteringVehicleDetails start 
2019-10-18 15:17:26,451 INFO  [Log] I am in onStart method null 
2019-10-18 15:17:27,651 INFO  [Log] Click on login button 
2019-10-18 15:17:41,450 INFO  [Log] Enter Dealer name 
2019-10-18 15:17:55,670 INFO  [Log] Enter user email 
2019-10-18 15:18:08,899 INFO  [Log] Set password in Login form 
2019-10-18 15:18:16,218 INFO  [Log] Go to Inspection tab 
2019-10-18 15:19:27,253 INFO  [Log] I am on TestSuccess method testCreateFullInspectionByEnteringVehicleDetails succeed 
2019-10-18 15:19:27,431 INFO  [Log] 1ac6e2d2-bdae-40d0-844c-8d8a654fe70f: Saving device log... 
2019-10-18 15:19:27,600 INFO  [Log] 1ac6e2d2-bdae-40d0-844c-8d8a654fe70f: Saving device log - Done. 
2019-10-18 15:19:32,696 INFO  [Log] I am on Finish method demo features 
2019-10-18 15:25:40,116 INFO  [Log] Launching Application...... 
2019-10-18 15:26:14,635 INFO  [Log] I am on TestStart method testCreateFullInspectionByEnteringVehicleDetails start 
2019-10-18 15:26:14,635 INFO  [Log] I am in onStart method null 
2019-10-18 15:26:15,634 INFO  [Log] Click on login button 
2019-10-18 15:26:27,490 INFO  [Log] Enter Dealer name 
2019-10-18 15:26:40,842 INFO  [Log] Enter user email 
2019-10-18 15:26:52,351 INFO  [Log] Set password in Login form 
2019-10-18 15:26:59,552 INFO  [Log] Go to Inspection tab 
2019-10-18 15:27:16,570 INFO  [Log] 9d6e68b5-8035-44e6-a525-31adb29fa8e3: Saving device log... 
2019-10-18 15:27:16,652 INFO  [Log] 9d6e68b5-8035-44e6-a525-31adb29fa8e3: Saving device log - Done. 
2019-10-18 15:27:21,840 INFO  [Log] I am on Finish method demo features 
2019-10-18 15:28:12,719 INFO  [Log] Launching Application...... 
2019-10-18 15:28:54,343 INFO  [Log] I am on TestStart method testCreateFullInspectionByEnteringVehicleDetails start 
2019-10-18 15:28:54,343 INFO  [Log] I am in onStart method null 
2019-10-18 15:28:55,450 INFO  [Log] Click on login button 
2019-10-18 15:29:07,844 INFO  [Log] Enter Dealer name 
2019-10-18 15:29:21,395 INFO  [Log] Enter user email 
2019-10-18 15:29:32,831 INFO  [Log] Set password in Login form 
2019-10-18 15:29:39,951 INFO  [Log] Go to Inspection tab 
2019-10-18 15:30:54,436 INFO  [Log] I am on TestSuccess method testCreateFullInspectionByEnteringVehicleDetails succeed 
2019-10-18 15:30:54,609 INFO  [Log] 26e7ff9a-f75f-4666-a01c-7af11efce370: Saving device log... 
2019-10-18 15:30:54,746 INFO  [Log] 26e7ff9a-f75f-4666-a01c-7af11efce370: Saving device log - Done. 
2019-10-18 15:30:59,727 INFO  [Log] I am on Finish method demo features 
